07-Dec-2021 15:52:15.848 INFO [main] org.apache.catalina.core.ApplicationContext.log ContextListener: contextInitialized()
07-Dec-2021 15:52:15.848 INFO [main] org.apache.catalina.core.ApplicationContext.log SessionListener: contextInitialized()
07-Dec-2021 15:52:15.850 INFO [main] org.apache.catalina.core.ApplicationContext.log ContextListener: attributeAdded('StockTicker', 'async.Stockticker@587e5365')
07-Dec-2021 15:52:24.209 INFO [Thread-3] org.apache.catalina.core.ApplicationContext.log SessionListener: contextDestroyed()
07-Dec-2021 15:52:24.209 INFO [Thread-3] org.apache.catalina.core.ApplicationContext.log ContextListener: contextDestroyed()
07-Dec-2021 15:53:55.679 INFO [main] org.apache.catalina.core.ApplicationContext.log ContextListener: contextInitialized()
07-Dec-2021 15:53:55.679 INFO [main] org.apache.catalina.core.ApplicationContext.log SessionListener: contextInitialized()
07-Dec-2021 15:53:55.682 INFO [main] org.apache.catalina.core.ApplicationContext.log ContextListener: attributeAdded('StockTicker', 'async.Stockticker@7d8704ef')
07-Dec-2021 15:57:14.772 INFO [Thread-3] org.apache.catalina.core.ApplicationContext.log SessionListener: contextDestroyed()
07-Dec-2021 15:57:14.772 INFO [Thread-3] org.apache.catalina.core.ApplicationContext.log ContextListener: contextDestroyed()
07-Dec-2021 15:57:21.456 INFO [main] org.apache.catalina.core.ApplicationContext.log ContextListener: contextInitialized()
07-Dec-2021 15:57:21.456 INFO [main] org.apache.catalina.core.ApplicationContext.log SessionListener: contextInitialized()
07-Dec-2021 15:57:21.459 INFO [main] org.apache.catalina.core.ApplicationContext.log ContextListener: attributeAdded('StockTicker', 'async.Stockticker@7d8704ef')
07-Dec-2021 15:59:21.014 INFO [Thread-3] org.apache.catalina.core.ApplicationContext.log SessionListener: contextDestroyed()
07-Dec-2021 15:59:21.014 INFO [Thread-3] org.apache.catalina.core.ApplicationContext.log ContextListener: contextDestroyed()
07-Dec-2021 16:01:38.932 INFO [main] org.apache.catalina.core.ApplicationContext.log ContextListener: contextInitialized()
07-Dec-2021 16:01:38.932 INFO [main] org.apache.catalina.core.ApplicationContext.log SessionListener: contextInitialized()
07-Dec-2021 16:01:38.935 INFO [main] org.apache.catalina.core.ApplicationContext.log ContextListener: attributeAdded('StockTicker', 'async.Stockticker@7d8704ef')
07-Dec-2021 16:06:00.543 INFO [main] org.apache.catalina.core.ApplicationContext.log ContextListener: contextInitialized()
07-Dec-2021 16:06:00.543 INFO [main] org.apache.catalina.core.ApplicationContext.log SessionListener: contextInitialized()
07-Dec-2021 16:06:00.547 INFO [main] org.apache.catalina.core.ApplicationContext.log ContextListener: attributeAdded('StockTicker', 'async.Stockticker@6913c1fb')
07-Dec-2021 16:06:00.756 INFO [main] org.apache.catalina.core.ApplicationContext.log SessionListener: contextDestroyed()
07-Dec-2021 16:06:00.756 INFO [main] org.apache.catalina.core.ApplicationContext.log ContextListener: contextDestroyed()
07-Dec-2021 16:06:11.254 INFO [main] org.apache.catalina.core.ApplicationContext.log ContextListener: contextInitialized()
07-Dec-2021 16:06:11.254 INFO [main] org.apache.catalina.core.ApplicationContext.log SessionListener: contextInitialized()
07-Dec-2021 16:06:11.258 INFO [main] org.apache.catalina.core.ApplicationContext.log ContextListener: attributeAdded('StockTicker', 'async.Stockticker@6913c1fb')
07-Dec-2021 16:06:11.518 INFO [main] org.apache.catalina.core.ApplicationContext.log SessionListener: contextDestroyed()
07-Dec-2021 16:06:11.518 INFO [main] org.apache.catalina.core.ApplicationContext.log ContextListener: contextDestroyed()
07-Dec-2021 16:06:30.490 INFO [main] org.apache.catalina.core.ApplicationContext.log ContextListener: contextInitialized()
07-Dec-2021 16:06:30.491 INFO [main] org.apache.catalina.core.ApplicationContext.log SessionListener: contextInitialized()
07-Dec-2021 16:06:30.497 INFO [main] org.apache.catalina.core.ApplicationContext.log ContextListener: attributeAdded('StockTicker', 'async.Stockticker@6913c1fb')
07-Dec-2021 16:06:30.711 INFO [main] org.apache.catalina.core.ApplicationContext.log SessionListener: contextDestroyed()
07-Dec-2021 16:06:30.712 INFO [main] org.apache.catalina.core.ApplicationContext.log ContextListener: contextDestroyed()
07-Dec-2021 16:07:14.469 INFO [main] org.apache.catalina.core.ApplicationContext.log ContextListener: contextInitialized()
07-Dec-2021 16:07:14.470 INFO [main] org.apache.catalina.core.ApplicationContext.log SessionListener: contextInitialized()
07-Dec-2021 16:07:14.473 INFO [main] org.apache.catalina.core.ApplicationContext.log ContextListener: attributeAdded('StockTicker', 'async.Stockticker@305b7c14')
07-Dec-2021 16:07:14.644 INFO [main] org.apache.catalina.core.ApplicationContext.log SessionListener: contextDestroyed()
07-Dec-2021 16:07:14.644 INFO [main] org.apache.catalina.core.ApplicationContext.log ContextListener: contextDestroyed()
07-Dec-2021 16:12:09.812 INFO [main] org.apache.catalina.core.ApplicationContext.log ContextListener: contextInitialized()
07-Dec-2021 16:12:09.812 INFO [main] org.apache.catalina.core.ApplicationContext.log SessionListener: contextInitialized()
07-Dec-2021 16:12:09.814 INFO [main] org.apache.catalina.core.ApplicationContext.log ContextListener: attributeAdded('StockTicker', 'async.Stockticker@7d8704ef')
07-Dec-2021 16:12:59.912 INFO [Thread-3] org.apache.catalina.core.ApplicationContext.log SessionListener: contextDestroyed()
07-Dec-2021 16:12:59.913 INFO [Thread-3] org.apache.catalina.core.ApplicationContext.log ContextListener: contextDestroyed()
07-Dec-2021 16:13:45.028 INFO [main] org.apache.catalina.core.ApplicationContext.log ContextListener: contextInitialized()
07-Dec-2021 16:13:45.029 INFO [main] org.apache.catalina.core.ApplicationContext.log SessionListener: contextInitialized()
07-Dec-2021 16:13:45.033 INFO [main] org.apache.catalina.core.ApplicationContext.log ContextListener: attributeAdded('StockTicker', 'async.Stockticker@7d8704ef')
07-Dec-2021 16:14:46.875 INFO [Thread-3] org.apache.catalina.core.ApplicationContext.log SessionListener: contextDestroyed()
07-Dec-2021 16:14:46.876 INFO [Thread-3] org.apache.catalina.core.ApplicationContext.log ContextListener: contextDestroyed()
07-Dec-2021 16:15:41.186 INFO [main] org.apache.catalina.core.ApplicationContext.log ContextListener: contextInitialized()
07-Dec-2021 16:15:41.187 INFO [main] org.apache.catalina.core.ApplicationContext.log SessionListener: contextInitialized()
07-Dec-2021 16:15:41.191 INFO [main] org.apache.catalina.core.ApplicationContext.log ContextListener: attributeAdded('StockTicker', 'async.Stockticker@7d8704ef')
07-Dec-2021 16:23:04.426 INFO [Thread-3] org.apache.catalina.core.ApplicationContext.log SessionListener: contextDestroyed()
07-Dec-2021 16:23:04.426 INFO [Thread-3] org.apache.catalina.core.ApplicationContext.log ContextListener: contextDestroyed()
07-Dec-2021 16:34:59.825 INFO [main] org.apache.catalina.core.ApplicationContext.log ContextListener: contextInitialized()
07-Dec-2021 16:34:59.825 INFO [main] org.apache.catalina.core.ApplicationContext.log SessionListener: contextInitialized()
07-Dec-2021 16:34:59.828 INFO [main] org.apache.catalina.core.ApplicationContext.log ContextListener: attributeAdded('StockTicker', 'async.Stockticker@7d8704ef')
07-Dec-2021 16:35:00.593 INFO [main] org.apache.catalina.core.ApplicationContext.log SessionListener: contextDestroyed()
07-Dec-2021 16:35:00.593 INFO [main] org.apache.catalina.core.ApplicationContext.log ContextListener: contextDestroyed()
07-Dec-2021 16:35:10.563 INFO [main] org.apache.catalina.core.ApplicationContext.log ContextListener: contextInitialized()
07-Dec-2021 16:35:10.564 INFO [main] org.apache.catalina.core.ApplicationContext.log SessionListener: contextInitialized()
07-Dec-2021 16:35:10.566 INFO [main] org.apache.catalina.core.ApplicationContext.log ContextListener: attributeAdded('StockTicker', 'async.Stockticker@7d8704ef')
07-Dec-2021 16:49:35.001 INFO [Thread-3] org.apache.catalina.core.ApplicationContext.log SessionListener: contextDestroyed()
07-Dec-2021 16:49:35.001 INFO [Thread-3] org.apache.catalina.core.ApplicationContext.log ContextListener: contextDestroyed()
07-Dec-2021 16:49:47.697 INFO [main] org.apache.catalina.core.ApplicationContext.log ContextListener: contextInitialized()
07-Dec-2021 16:49:47.697 INFO [main] org.apache.catalina.core.ApplicationContext.log SessionListener: contextInitialized()
07-Dec-2021 16:49:47.699 INFO [main] org.apache.catalina.core.ApplicationContext.log ContextListener: attributeAdded('StockTicker', 'async.Stockticker@7d8704ef')
07-Dec-2021 16:53:51.783 INFO [Thread-3] org.apache.catalina.core.ApplicationContext.log SessionListener: contextDestroyed()
07-Dec-2021 16:53:51.783 INFO [Thread-3] org.apache.catalina.core.ApplicationContext.log ContextListener: contextDestroyed()
